**************************************Query************************************************ 

 
DupElim 
-Sort[] 
--Project[*] 
---Join 
----Leaf[Sailors] 

 
**************************************Query************************************************ 

 
DupElim 
-Sort[] 
--Project[*] 
---Join
[[Sailors.A, Reserves.G,], equals null, min null, max null]
[[Sailors.B,], equals null, min null, max 149]
[[Reserves.H, Boats.D,], equals null, min null, max null] 
----Select[Sailors.B <= 149]
-----Leaf[Sailors] 
----Leaf[Reserves] 
----Leaf[Boats] 

 
**************************************Query************************************************ 

 
DupElim 
-Sort[] 
--Project[*] 
---Join[S1.A < S2.A] 
----Leaf[Sailors] 
----Leaf[Sailors] 

 
**************************************Query************************************************ 

 
DupElim 
-Sort[B.D] 
--Project[B.F,B.D] 
---Join 
----Leaf[Boats] 

 
**************************************Query************************************************ 

 
DupElim 
-Sort[S.C] 
--Project[*] 
---Join
[[S.A, R.G,], equals null, min null, max null]
[[R.H, B.D,], equals null, min null, max null] 
----Leaf[Sailors] 
----Leaf[Reserves] 
----Leaf[Boats] 

 
**************************************Query************************************************ 

 
DupElim 
-Sort[S.C] 
--Project[*] 
---Join
[[S.A, R.G,], equals null, min null, max null]
[[R.H, B.D,], equals null, min null, max null] 
----Leaf[Sailors] 
----Leaf[Reserves] 
----Leaf[Boats] 

 
