**************************************Physical Plan************************************************ 

 
DupElim 
--Project[*] 
---SMJ[L.CKEY = C.CKEY] 
----ExternalSort[L.CKEY] 
-----SMJ[L.DKEY = D.DKEY] 
------ExternalSort[L.DKEY] 
-------SMJ[L.SKEY = S.SKEY] 
--------ExternalSort[L.SKEY] 
---------SMJ[L.PKEY = P.PKEY] 
----------ExternalSort[L.PKEY] 
-----------TableScan[LINEORDER] 
----------ExternalSort[P.PKEY] 
-----------Select[P.PV <> 13]
------------TableScan[PART] 
--------ExternalSort[S.SKEY] 
---------Select[S.SV >= 9]
----------TableScan[SUPPLIER] 
------ExternalSort[D.DKEY] 
-------Select[D.DV = 11]
--------TableScan[DATE] 
----ExternalSort[C.CKEY] 
-----Select[C.CV <= 18]
------TableScan[CUSTOMER] 
**************************************Physical Plan************************************************ 

 
DupElim 
--Project[*] 
---SMJ[L.CKEY = C.CKEY] 
----ExternalSort[L.CKEY] 
-----SMJ[L.DKEY = D.DKEY] 
------ExternalSort[L.DKEY] 
-------SMJ[L.SKEY = S.SKEY] 
--------ExternalSort[L.SKEY] 
---------SMJ[L.PKEY = P.PKEY] 
----------ExternalSort[L.PKEY] 
-----------TableScan[LINEORDER] 
----------ExternalSort[P.PKEY] 
-----------Select[P.PV >= 3]
------------TableScan[PART] 
--------ExternalSort[S.SKEY] 
---------Select[S.SV >= 45]
----------TableScan[SUPPLIER] 
------ExternalSort[D.DKEY] 
-------Select[D.DV <> 23]
--------TableScan[DATE] 
----ExternalSort[C.CKEY] 
-----Select[C.CV <> 28]
------TableScan[CUSTOMER] 
